
> react-typescript-starter@0.1.0 test
> react-scripts test "--coverage"

PASS src/tests/DegreePlanList.test.tsx
PASS src/App.test.tsx
---------------------|---------|----------|---------|---------|-------------------
File                 | % Stmts | % Branch | % Funcs | % Lines | Uncovered Line #s 
---------------------|---------|----------|---------|---------|-------------------
All files            |     100 |      100 |     100 |     100 |                   
 src                 |     100 |      100 |     100 |     100 |                   
  App.tsx            |     100 |      100 |     100 |     100 |                   
 src/components      |     100 |      100 |     100 |     100 |                   
  DegreePlanList.tsx |     100 |      100 |     100 |     100 |                   
 src/interfaces      |       0 |        0 |       0 |       0 |                   
  course.ts          |       0 |        0 |       0 |       0 |                   
  degree.ts          |       0 |        0 |       0 |       0 |                   
  degreeplan.ts      |       0 |        0 |       0 |       0 |                   
  section.ts         |       0 |        0 |       0 |       0 |                   
  semester.ts        |       0 |        0 |       0 |       0 |                   
---------------------|---------|----------|---------|---------|-------------------

Test Suites: 2 passed, 2 total
Tests:       3 passed, 3 total
Snapshots:   0 total
Time:        3.325 s
Ran all test suites.
